<?xml version="1.0" encoding="UTF-8"?>
<!-- Generated by org.testng.reporters.JUnitReportReporter -->
<testsuite skipped="0" hostname="DESKTOP-KCQJLLP" name="abcd.abcd" tests="1" failures="0" timestamp="2021-10-09T05:30:37 IST" time="0.011" errors="0">
  <testcase name="a" time="0.011" classname="abcd.abcd"/>
  <system-out/>
</testsuite> <!-- abcd.abcd -->
